<?xml version="1.0" encoding="UTF-8" standalone="yes"?>
<testsuites name="TestAddNewUser" time="9" tests="1" failures="0" errors="0">
    <testsuite name="TestAddNewUser" tests="1" failures="0" errors="0" time="9" timestamp="2019-09-03 01:11:00" hostname="gquispe - PRACTIAARNB909.pragmanet.local" id="Test Suites/TestAddNewUser">
        <properties>
            <property name="deviceName" value=""/>
            <property name="devicePlatform" value=""/>
            <property name="logFolder" value="C:\\Users\\gquispe\\Katalon Studio\\DummyLoginWebsite\\Reports\\TestAddNewUser\\20190903_011058"/>
            <property name="logFiles" value="C:\\Users\\gquispe\\Katalon Studio\\DummyLoginWebsite\\Reports\\TestAddNewUser\\20190903_011058\\execution0.log"/>
            <property name="attachments" value=""/>
            <property name="hostName" value="gquispe - PRACTIAARNB909.pragmanet.local"/>
            <property name="os" value="Windows 10 64bit"/>
            <property name="katalonVersion" value="6.2.2.4"/>
            <property name="browser" value="Firefox 68.0"/>
            <property name="hostAddress" value="192.168.0.8"/>
            <property name="sessionId" value="ea79c891-1908-4798-9123-e88906fd95be"/>
            <property name="seleniumVersion" value="3.141.59"/>
            <property name="proxyInformation" value="ProxyInformation{proxyOption=NO_PROXY, proxyServerType=HTTP, password=, proxyServerAddress=, proxyServerPort=0}"/>
            <property name="platform" value="Windows 10"/>
        </properties>
        <testcase name="Test Cases/AddUser" classname="Test Cases/AddUser" status="PASSED">
            <system-out>2019-09-03 01:11:09 - [TEST_CASE][PASSED] - Test Cases/AddUser: Test Cases/AddUser&#xD;
&#xD;
2019-09-03 01:11:10 - [TEST_STEP][PASSED] - assert 1 == 1: null</system-out>
            <system-err></system-err>
        </testcase>
        <system-out>2019-09-03 01:11:00 - [TEST_SUITE][INCOMPLETE] - TestAddNewUser: null</system-out>
        <system-err>2019-09-03 01:11:00 - [TEST_SUITE][INCOMPLETE] - TestAddNewUser: null</system-err>
    </testsuite>
</testsuites>
