<?xml version="1.0" encoding="UTF-8" standalone="yes"?>
<testsuites name="TestAddNewUser" time="0" tests="0" failures="0" errors="0">
    <testsuite name="TestAddNewUser" tests="0" failures="0" errors="0" time="0" timestamp="2019-09-03 20:03:21" hostname="gquispe - PRACTIAARNB909.pragmanet.local" id="Test Suites/TestAddNewUser">
        <properties>
            <property name="deviceName" value=""/>
            <property name="devicePlatform" value=""/>
            <property name="logFolder" value="C:\\Users\\gquispe\\Katalon Studio\\DummyLoginWebsite\\Reports\\TestAddNewUser\\20190903_200319"/>
            <property name="logFiles" value="C:\\Users\\gquispe\\Katalon Studio\\DummyLoginWebsite\\Reports\\TestAddNewUser\\20190903_200319\\execution0.log"/>
            <property name="attachments" value=""/>
            <property name="hostName" value="gquispe - PRACTIAARNB909.pragmanet.local"/>
            <property name="hostAddress" value="192.168.0.8"/>
            <property name="os" value="Windows 10 64bit"/>
            <property name="katalonVersion" value="6.2.2.4"/>
        </properties>
        <system-out>2019-09-03 20:03:21 - [TEST_SUITE][INCOMPLETE] - TestAddNewUser: null</system-out>
        <system-err>2019-09-03 20:03:21 - [TEST_SUITE][INCOMPLETE] - TestAddNewUser: null</system-err>
    </testsuite>
</testsuites>
